<?xml version="1.0" encoding="UTF-8" ?>
<testsuite failures="0" time="0.657" errors="0" skipped="0" tests="1" name="biz.vc4africa.java.AppTest">
  <properties>
    <property name="java.runtime.name" value="Java(TM) SE Runtime Environment"/>
    <property name="sun.boot.library.path" value="/home/ebot/jdk1.6.0_32/jre/lib/amd64"/>
    <property name="java.vm.version" value="20.7-b02"/>
    <property name="java.vm.vendor" value="Sun Microsystems Inc."/>
    <property name="java.vendor.url" value="http://java.sun.com/"/>
    <property name="path.separator" value=":"/>
    <property name="java.vm.name" value="Java HotSpot(TM) 64-Bit Server VM"/>
    <property name="file.encoding.pkg" value="sun.io"/>
    <property name="user.country" value="US"/>
    <property name="sun.java.launcher" value="SUN_STANDARD"/>
    <property name="sun.os.patch.level" value="unknown"/>
    <property name="java.vm.specification.name" value="Java Virtual Machine Specification"/>
    <property name="user.dir" value="/home/ebot/NetBeansProjects/java"/>
    <property name="java.runtime.version" value="1.6.0_32-b05"/>
    <property name="java.awt.graphicsenv" value="sun.awt.X11GraphicsEnvironment"/>
    <property name="basedir" value="/home/ebot/NetBeansProjects/java"/>
    <property name="java.endorsed.dirs" value="/home/ebot/jdk1.6.0_32/jre/lib/endorsed"/>
    <property name="os.arch" value="amd64"/>
    <property name="surefire.real.class.path" value="/tmp/surefirebooter7710804818548007200.jar"/>
    <property name="java.io.tmpdir" value="/tmp"/>
    <property name="line.separator" value="
"/>
    <property name="java.vm.specification.vendor" value="Sun Microsystems Inc."/>
    <property name="os.name" value="Linux"/>
    <property name="sun.jnu.encoding" value="UTF-8"/>
    <property name="java.library.path" value="/home/ebot/jdk1.6.0_32/jre/lib/amd64/server:/home/ebot/jdk1.6.0_32/jre/lib/amd64:/home/ebot/jdk1.6.0_32/jre/../lib/amd64:/usr/java/packages/lib/amd64:/usr/lib64:/lib64:/lib:/usr/lib"/>
    <property name="surefire.test.class.path" value="/home/ebot/NetBeansProjects/java/target/test-classes:/home/ebot/NetBeansProjects/java/target/classes:/home/ebot/.m2/repository/junit/junit/3.8.1/junit-3.8.1.jar:/home/ebot/.m2/repository/org/apache/httpcomponents/httpclient/4.2.2/httpclient-4.2.2.jar:/home/ebot/.m2/repository/org/apache/httpcomponents/httpcore/4.2.2/httpcore-4.2.2.jar:/home/ebot/.m2/repository/commons-logging/commons-logging/1.1.1/commons-logging-1.1.1.jar:/home/ebot/.m2/repository/commons-codec/commons-codec/1.6/commons-codec-1.6.jar:/home/ebot/.m2/repository/commons-httpclient/commons-httpclient/3.1/commons-httpclient-3.1.jar:"/>
    <property name="java.specification.name" value="Java Platform API Specification"/>
    <property name="java.class.version" value="50.0"/>
    <property name="sun.management.compiler" value="HotSpot 64-Bit Tiered Compilers"/>
    <property name="os.version" value="2.6.35-22-generic"/>
    <property name="user.home" value="/home/ebot"/>
    <property name="user.timezone" value=""/>
    <property name="java.awt.printerjob" value="sun.print.PSPrinterJob"/>
    <property name="file.encoding" value="UTF-8"/>
    <property name="java.specification.version" value="1.6"/>
    <property name="user.name" value="ebot"/>
    <property name="java.class.path" value="/home/ebot/NetBeansProjects/java/target/test-classes:/home/ebot/NetBeansProjects/java/target/classes:/home/ebot/.m2/repository/junit/junit/3.8.1/junit-3.8.1.jar:/home/ebot/.m2/repository/org/apache/httpcomponents/httpclient/4.2.2/httpclient-4.2.2.jar:/home/ebot/.m2/repository/org/apache/httpcomponents/httpcore/4.2.2/httpcore-4.2.2.jar:/home/ebot/.m2/repository/commons-logging/commons-logging/1.1.1/commons-logging-1.1.1.jar:/home/ebot/.m2/repository/commons-codec/commons-codec/1.6/commons-codec-1.6.jar:/home/ebot/.m2/repository/commons-httpclient/commons-httpclient/3.1/commons-httpclient-3.1.jar:"/>
    <property name="java.vm.specification.version" value="1.0"/>
    <property name="sun.arch.data.model" value="64"/>
    <property name="java.home" value="/home/ebot/jdk1.6.0_32/jre"/>
    <property name="sun.java.command" value="/tmp/surefirebooter7710804818548007200.jar /tmp/surefire1305683230337623161tmp /tmp/surefire3450649724452685508tmp"/>
    <property name="java.specification.vendor" value="Sun Microsystems Inc."/>
    <property name="user.language" value="en"/>
    <property name="java.vm.info" value="mixed mode"/>
    <property name="java.version" value="1.6.0_32"/>
    <property name="java.ext.dirs" value="/home/ebot/jdk1.6.0_32/jre/lib/ext:/usr/java/packages/lib/ext"/>
    <property name="sun.boot.class.path" value="/home/ebot/jdk1.6.0_32/jre/lib/resources.jar:/home/ebot/jdk1.6.0_32/jre/lib/rt.jar:/home/ebot/jdk1.6.0_32/jre/lib/sunrsasign.jar:/home/ebot/jdk1.6.0_32/jre/lib/jsse.jar:/home/ebot/jdk1.6.0_32/jre/lib/jce.jar:/home/ebot/jdk1.6.0_32/jre/lib/charsets.jar:/home/ebot/jdk1.6.0_32/jre/lib/modules/jdk.boot.jar:/home/ebot/jdk1.6.0_32/jre/classes"/>
    <property name="java.vendor" value="Sun Microsystems Inc."/>
    <property name="localRepository" value="/home/ebot/.m2/repository"/>
    <property name="file.separator" value="/"/>
    <property name="java.vendor.url.bug" value="http://java.sun.com/cgi-bin/bugreport.cgi"/>
    <property name="sun.cpu.endian" value="little"/>
    <property name="sun.io.unicode.encoding" value="UnicodeLittle"/>
    <property name="sun.desktop" value="gnome"/>
    <property name="sun.cpu.isalist" value=""/>
  </properties>
  <testcase time="0.073" classname="biz.vc4africa.java.AppTest" name="testApp"/>
</testsuite>